0 info it worked if it ends with ok
1 verbose cli [ '/home/ubuntu/.nvm/versions/node/v4.6.1/bin/node',
1 verbose cli   '/home/ubuntu/.nvm/versions/node/v4.6.1/bin/npm',
1 verbose cli   'run',
1 verbose cli   'build' ]
2 info using npm@2.15.9
3 info using node@v4.6.1
4 verbose run-script [ 'prebuild', 'build', 'postbuild' ]
5 info prebuild latex-parser@0.1.3
6 info build latex-parser@0.1.3
7 verbose unsafe-perm in lifecycle true
8 info latex-parser@0.1.3 Failed to exec build script
9 verbose stack Error: latex-parser@0.1.3 build: `npm run build:min`
9 verbose stack Exit status 1
9 verbose stack     at EventEmitter.<anonymous> (/home/ubuntu/.nvm/versions/node/v4.6.1/lib/node_modules/npm/lib/utils/lifecycle.js:217:16)
9 verbose stack     at emitTwo (events.js:87:13)
9 verbose stack     at EventEmitter.emit (events.js:172:7)
9 verbose stack     at ChildProcess.<anonymous> (/home/ubuntu/.nvm/versions/node/v4.6.1/lib/node_modules/npm/lib/utils/spawn.js:24:14)
9 verbose stack     at emitTwo (events.js:87:13)
9 verbose stack     at ChildProcess.emit (events.js:172:7)
9 verbose stack     at maybeClose (internal/child_process.js:829:16)
9 verbose stack     at Process.ChildProcess._handle.onexit (internal/child_process.js:211:5)
10 verbose pkgid latex-parser@0.1.3
11 verbose cwd /home/ubuntu/workspace/latex-parser/latex-parser
12 error Linux 4.9.17-c9
13 error argv "/home/ubuntu/.nvm/versions/node/v4.6.1/bin/node" "/home/ubuntu/.nvm/versions/node/v4.6.1/bin/npm" "run" "build"
14 error node v4.6.1
15 error npm  v2.15.9
16 error code ELIFECYCLE
17 error latex-parser@0.1.3 build: `npm run build:min`
17 error Exit status 1
18 error Failed at the latex-parser@0.1.3 build script 'npm run build:min'.
18 error This is most likely a problem with the latex-parser package,
18 error not with npm itself.
18 error Tell the author that this fails on your system:
18 error     npm run build:min
18 error You can get information on how to open an issue for this project with:
18 error     npm bugs latex-parser
18 error Or if that isn't available, you can get their info via:
18 error
18 error     npm owner ls latex-parser
18 error There is likely additional logging output above.
19 verbose exit [ 1, true ]
